This file contains any messages produced by compilers while
running configure, to aid debugging if configure makes a mistake.

configure:610: checking for a BSD compatible install
configure:663: checking whether build environment is sane
configure:720: checking whether make sets ${MAKE}
configure:766: checking for working aclocal
configure:779: checking for working autoconf
configure:792: checking for working automake
configure:805: checking for working autoheader
configure:818: checking for working makeinfo
configure:853: checking whether to enable modal dialogs for applications
configure:874: checking whether to enable saveunders for pop-up menus
configure:895: checking whether to enable shape extensions
configure:919: checking whether to enable ActiveDown button state
configure:943: checking whether to enable Inactive button state
configure:967: checking whether to enable MiniIcon style option
configure:991: checking whether to enable vector button style
configure:1015: checking whether to enable pixmap button style
configure:1039: checking whether to enable gradient button style
configure:1063: checking whether to enable stacked button styles
configure:1087: checking whether to enable styled title-bars
configure:1111: checking whether to enable BorderStyle command
configure:1135: checking whether to enable UseDecor style option
configure:1159: checking whether to enable WindowShade function
configure:1183: checking whether to enable debugging messages
configure:1204: checking iconpath
configure:1231: checking for gcc
configure:1344: checking whether the C compiler (gcc  ) works
configure:1360: gcc -o conftest    conftest.c  1>&5
configure:1386: checking whether the C compiler (gcc  ) is a cross-compiler
configure:1391: checking whether we are using GNU C
configure:1400: gcc -E conftest.c
configure:1419: checking whether gcc accepts -g
configure:1451: checking how to run the C preprocessor
configure:1472: gcc -E  conftest.c >/dev/null 2>conftest.out
configure:1532: checking for POSIXized ISC
configure:1554: checking for minix/config.h
configure:1564: gcc -E  conftest.c >/dev/null 2>conftest.out
configure:1560: minix/config.h: No such file or directory
configure: failed program was:
#line 1559 "configure"
#include "confdefs.h"
#include <minix/config.h>
configure:1607: checking for stdarg.h
configure:1617: gcc -E  conftest.c >/dev/null 2>conftest.out
configure:1646: checking for vfprintf
configure:1674: gcc -o conftest -g -O2   conftest.c  1>&5
configure:1706: checking for waitpid
configure:1734: gcc -o conftest -g -O2   conftest.c  1>&5
configure:1873: checking for c++
configure:1911: checking for c++
configure:1943: checking whether the C++ compiler (c++  ) works
configure:1959: c++ -o conftest    conftest.C  1>&5
configure:1985: checking whether the C++ compiler (c++  ) is a cross-compiler
configure:1990: checking whether we are using GNU C++
configure:1999: c++ -E conftest.C
configure:2018: checking whether c++ accepts -g
configure:2057: checking for X
configure:2306: checking whether -R must be followed by a space
configure:2316: gcc -o conftest -g -O2   conftest.c  -R/usr/openwin/lib 1>&5
configure:2371: checking for dnet_ntoa in -ldnet
configure:2390: gcc -o conftest -g -O2   conftest.c -ldnet   1>&5
ld: fatal: library -ldnet: not found
ld: fatal: File processing errors. No output written to conftest
collect2: ld returned 1 exit status
configure: failed program was:
#line 2379 "configure"
#include "confdefs.h"
/* Override any gcc2 internal prototype to avoid an error.  */
/* We use char because int might match the return type of a gcc2
    builtin and then its argument prototype would still apply.  */
char dnet_ntoa();

int main() {
dnet_ntoa()
; return 0; }
configure:2412: checking for dnet_ntoa in -ldnet_stub
configure:2431: gcc -o conftest -g -O2   conftest.c -ldnet_stub   1>&5
ld: fatal: library -ldnet_stub: not found
ld: fatal: File processing errors. No output written to conftest
collect2: ld returned 1 exit status
configure: failed program was:
#line 2420 "configure"
#include "confdefs.h"
/* Override any gcc2 internal prototype to avoid an error.  */
/* We use char because int might match the return type of a gcc2
    builtin and then its argument prototype would still apply.  */
char dnet_ntoa();

int main() {
dnet_ntoa()
; return 0; }
configure:2460: checking for gethostbyname
configure:2488: gcc -o conftest -g -O2   conftest.c  1>&5
Undefined			first referenced
 symbol  			    in file
gethostbyname                       /var/tmp/ccbQZZOM.o
ld: fatal: Symbol referencing errors. No output written to conftest
collect2: ld returned 1 exit status
configure: failed program was:
#line 2465 "configure"
#include "confdefs.h"
/* System header to define __stub macros and hopefully few prototypes,
    which can conflict with char gethostbyname(); below.  */
#include <assert.h>
/* Override any gcc2 internal prototype to avoid an error.  */
/* We use char because int might match the return type of a gcc2
    builtin and then its argument prototype would still apply.  */
char gethostbyname();

int main() {

/* The GNU C library defines this for functions which it implements
    to always fail with ENOSYS.  Some functions are actually named
    something starting with __ and the normal name is an alias.  */
#if defined (__stub_gethostbyname) || defined (__stub___gethostbyname)
choke me
#else
gethostbyname();
#endif

; return 0; }
configure:2509: checking for gethostbyname in -lnsl
configure:2528: gcc -o conftest -g -O2   conftest.c -lnsl   1>&5
configure:2558: checking for connect
configure:2586: gcc -o conftest -g -O2   conftest.c  1>&5
Undefined			first referenced
 symbol  			    in file
connect                             /var/tmp/ccBmp0w3.o
ld: fatal: Symbol referencing errors. No output written to conftest
collect2: ld returned 1 exit status
configure: failed program was:
#line 2563 "configure"
#include "confdefs.h"
/* System header to define __stub macros and hopefully few prototypes,
    which can conflict with char connect(); below.  */
#include <assert.h>
/* Override any gcc2 internal prototype to avoid an error.  */
/* We use char because int might match the return type of a gcc2
    builtin and then its argument prototype would still apply.  */
char connect();

int main() {

/* The GNU C library defines this for functions which it implements
    to always fail with ENOSYS.  Some functions are actually named
    something starting with __ and the normal name is an alias.  */
#if defined (__stub_connect) || defined (__stub___connect)
choke me
#else
connect();
#endif

; return 0; }
configure:2607: checking for connect in -lsocket
configure:2626: gcc -o conftest -g -O2   conftest.c -lsocket  -lnsl  1>&5
configure:2650: checking for remove
configure:2678: gcc -o conftest -g -O2   conftest.c  1>&5
configure:2742: checking for shmat
configure:2770: gcc -o conftest -g -O2   conftest.c  1>&5
configure:2843: checking for IceConnectionNumber in -lICE
configure:2862: gcc -o conftest -g -O2   -L/usr/openwin/lib conftest.c -lICE -lsocket  -lnsl  1>&5
configure:2890: checking for cpp
configure:2940: checking for a BSD compatible install
configure:2993: checking whether ln -s works
configure:3014: checking whether make sets ${MAKE}
configure:3043: checking for ranlib
configure:3076: checking for flex
configure:3109: checking for flex
configure:3143: checking for yywrap in -lfl
configure:3162: gcc -o conftest -g -O2   conftest.c -lfl   1>&5
configure:3185: checking lex output file root
configure:3206: checking whether yytext is a pointer
configure:3225: gcc -o conftest -g -O2   conftest.c  -lfl 1>&5
configure:3251: checking for bison
configure:3251: checking for byacc
configure:3284: checking for ANSI C header files
configure:3297: gcc -E  conftest.c >/dev/null 2>conftest.out
configure:3388: checking for sys/wait.h that is POSIX.1 compatible
configure:3409: gcc -c -g -O2  conftest.c 1>&5
configure:3433: checking for stdlib.h
configure:3443: gcc -E  conftest.c >/dev/null 2>conftest.out
configure:3433: checking for fcntl.h
configure:3443: gcc -E  conftest.c >/dev/null 2>conftest.out
configure:3433: checking for limits.h
configure:3443: gcc -E  conftest.c >/dev/null 2>conftest.out
configure:3433: checking for malloc.h
configure:3443: gcc -E  conftest.c >/dev/null 2>conftest.out
configure:3433: checking for string.h
configure:3443: gcc -E  conftest.c >/dev/null 2>conftest.out
configure:3433: checking for memory.h
configure:3443: gcc -E  conftest.c >/dev/null 2>conftest.out
configure:3433: checking for unistd.h
configure:3443: gcc -E  conftest.c >/dev/null 2>conftest.out
configure:3473: checking for getopt.h
configure:3483: gcc -E  conftest.c >/dev/null 2>conftest.out
configure:3479: getopt.h: No such file or directory
configure: failed program was:
#line 3478 "configure"
#include "confdefs.h"
#include <getopt.h>
configure:3473: checking for sys/select.h
configure:3483: gcc -E  conftest.c >/dev/null 2>conftest.out
configure:3473: checking for sys/systeminfo.h
configure:3483: gcc -E  conftest.c >/dev/null 2>conftest.out
configure:3511: checking for working const
configure:3565: gcc -c -g -O2  conftest.c 1>&5
configure:3586: checking for inline
configure:3600: gcc -c -g -O2  conftest.c 1>&5
configure:3626: checking for off_t
configure:3659: checking for pid_t
configure:3692: checking for size_t
configure:3726: checking return type of signal handlers
configure:3748: gcc -c -g -O2  conftest.c 1>&5
configure:3767: checking for strftime
configure:3795: gcc -o conftest -g -O2   conftest.c  1>&5
configure:3865: checking for gettimeofday
configure:3893: gcc -o conftest -g -O2   conftest.c  1>&5
configure:3865: checking for mkfifo
configure:3893: gcc -o conftest -g -O2   conftest.c  1>&5
configure:3865: checking for putenv
configure:3893: gcc -o conftest -g -O2   conftest.c  1>&5
configure:3865: checking for select
configure:3893: gcc -o conftest -g -O2   conftest.c  1>&5
configure:3865: checking for setvbuf
configure:3893: gcc -o conftest -g -O2   conftest.c  1>&5
configure:3865: checking for socket
configure:3893: gcc -o conftest -g -O2   conftest.c  1>&5
Undefined			first referenced
 symbol  			    in file
socket                              /var/tmp/ccHJ9lHB.o
ld: fatal: Symbol referencing errors. No output written to conftest
collect2: ld returned 1 exit status
configure: failed program was:
#line 3870 "configure"
#include "confdefs.h"
/* System header to define __stub macros and hopefully few prototypes,
    which can conflict with char socket(); below.  */
#include <assert.h>
/* Override any gcc2 internal prototype to avoid an error.  */
/* We use char because int might match the return type of a gcc2
    builtin and then its argument prototype would still apply.  */
char socket();

int main() {

/* The GNU C library defines this for functions which it implements
    to always fail with ENOSYS.  Some functions are actually named
    something starting with __ and the normal name is an alias.  */
#if defined (__stub_socket) || defined (__stub___socket)
choke me
#else
socket();
#endif

; return 0; }
configure:3865: checking for waitpid
configure:3920: checking for strdup
configure:3948: gcc -o conftest -g -O2   conftest.c  1>&5
configure:3920: checking for strstr
configure:3948: gcc -o conftest -g -O2   conftest.c  1>&5
configure:3920: checking for strtol
configure:3948: gcc -o conftest -g -O2   conftest.c  1>&5
configure:3920: checking for memmove
configure:3948: gcc -o conftest -g -O2   conftest.c  1>&5
configure:3920: checking for memcpy
configure:3948: gcc -o conftest -g -O2   conftest.c  1>&5
configure:3932: warning: conflicting types for built-in function `memcpy'
configure:3920: checking for strchr
configure:3948: gcc -o conftest -g -O2   conftest.c  1>&5
configure:3920: checking for sysconf
configure:3948: gcc -o conftest -g -O2   conftest.c  1>&5
configure:3920: checking for uname
configure:3948: gcc -o conftest -g -O2   conftest.c  1>&5
configure:3920: checking for div
configure:3948: gcc -o conftest -g -O2   conftest.c  1>&5
configure:3975: checking for sigaction
configure:4003: gcc -o conftest -g -O2   conftest.c  1>&5
configure:3975: checking for siginterrupt
configure:4003: gcc -o conftest -g -O2   conftest.c  1>&5
configure:4029: checking for sig_atomic_t
configure:4065: checking whether setvbuf arguments are reversed
